<?xml version="1.0" encoding="UTF-8"?>
<testng-results ignored="0" total="1" passed="1" failed="0" skipped="0">
  <reporter-output>
  </reporter-output>
  <suite started-at="2023-07-02T08:57:13 IST" name="Suite" finished-at="2023-07-02T08:58:09 IST" duration-ms="56753">
    <groups>
    </groups>
    <test started-at="2023-07-02T08:57:13 IST" name="Test" finished-at="2023-07-02T08:58:09 IST" duration-ms="56753">
      <class name="projecttest.PaymentTest">
        <test-method is-config="true" signature="Setup()[pri:0, instance:projecttest.PaymentTest@15043a2f]" started-at="2023-07-02T08:57:13 IST" name="Setup" finished-at="2023-07-02T08:57:19 IST" duration-ms="6677" status="PASS">
          <reporter-output>
          </reporter-output>
        </test-method> <!-- Setup -->
        <test-method signature="Paytest()[pri:0, instance:projecttest.PaymentTest@15043a2f]" started-at="2023-07-02T08:57:19 IST" name="Paytest" finished-at="2023-07-02T08:58:09 IST" duration-ms="50029" status="PASS">
          <reporter-output>
          </reporter-output>
        </test-method> <!-- Paytest -->
      </class> <!-- projecttest.PaymentTest -->
    </test> <!-- Test -->
  </suite> <!-- Suite -->
</testng-results>
